000 (5498.000.000) 01/23 09:50:34 Job submitted from host: <128.142.194.28:9618?addrs=128.142.194.28-9618+[2001-1458-301-e1--100-16]-9618&noUDP&sock=8027_6ecd_36>
...
001 (5498.000.000) 01/23 09:51:45 Job executing on host: <188.185.177.87:9618?addrs=188.185.177.87-9618+[--1]-9618&noUDP&sock=2869_c9b5_3>
...
006 (5498.000.000) 01/23 09:51:54 Image size of job updated: 676
	1  -  MemoryUsage of job (MB)
	676  -  ResidentSetSize of job (KB)
...
006 (5498.000.000) 01/23 10:06:57 Image size of job updated: 22296
	20  -  MemoryUsage of job (MB)
	20376  -  ResidentSetSize of job (KB)
...
006 (5498.000.000) 01/23 10:11:57 Image size of job updated: 445584
	413  -  MemoryUsage of job (MB)
	422176  -  ResidentSetSize of job (KB)
...
006 (5498.000.000) 01/23 10:16:58 Image size of job updated: 655908
	615  -  MemoryUsage of job (MB)
	629236  -  ResidentSetSize of job (KB)
...
005 (5498.000.000) 01/23 10:18:08 Job terminated.
	(1) Normal termination (return value 0)
		Usr 0 00:04:14, Sys 0 00:07:14  -  Run Remote Usage
		Usr 0 00:00:00, Sys 0 00:00:00  -  Run Local Usage
		Usr 0 00:04:14, Sys 0 00:07:14  -  Total Remote Usage
		Usr 0 00:00:00, Sys 0 00:00:00  -  Total Local Usage
	374123  -  Run Bytes Sent By Job
	1252  -  Run Bytes Received By Job
	374123  -  Total Bytes Sent By Job
	1252  -  Total Bytes Received By Job
	Partitionable Resources :    Usage  Request Allocated
	   Cpus                 :                 1         1
	   Disk (KB)            :   371237        2    567467
	   Memory (MB)          :      615     2000      2000
...
