000 (5557.000.000) 01/23 09:51:16 Job submitted from host: <128.142.194.28:9618?addrs=128.142.194.28-9618+[2001-1458-301-e1--100-16]-9618&noUDP&sock=8027_6ecd_36>
...
001 (5557.000.000) 01/23 09:52:17 Job executing on host: <188.185.192.198:9618?addrs=188.185.192.198-9618+[--1]-9618&noUDP&sock=7509_1871_3>
...
006 (5557.000.000) 01/23 09:52:26 Image size of job updated: 680
	1  -  MemoryUsage of job (MB)
	676  -  ResidentSetSize of job (KB)
...
006 (5557.000.000) 01/23 10:02:26 Image size of job updated: 48836
	30  -  MemoryUsage of job (MB)
	29800  -  ResidentSetSize of job (KB)
...
006 (5557.000.000) 01/23 10:07:27 Image size of job updated: 778032
	653  -  MemoryUsage of job (MB)
	667864  -  ResidentSetSize of job (KB)
...
006 (5557.000.000) 01/23 10:12:27 Image size of job updated: 781196
	656  -  MemoryUsage of job (MB)
	671028  -  ResidentSetSize of job (KB)
...
006 (5557.000.000) 01/23 10:17:29 Image size of job updated: 795184
	669  -  MemoryUsage of job (MB)
	684244  -  ResidentSetSize of job (KB)
...
006 (5557.000.000) 01/23 10:22:29 Image size of job updated: 795200
	669  -  MemoryUsage of job (MB)
	684244  -  ResidentSetSize of job (KB)
...
006 (5557.000.000) 01/23 10:27:30 Image size of job updated: 797108
	671  -  MemoryUsage of job (MB)
	686156  -  ResidentSetSize of job (KB)
...
006 (5557.000.000) 01/23 10:32:30 Image size of job updated: 818656
	692  -  MemoryUsage of job (MB)
	707704  -  ResidentSetSize of job (KB)
...
006 (5557.000.000) 01/23 10:37:31 Image size of job updated: 819256
	692  -  MemoryUsage of job (MB)
	708304  -  ResidentSetSize of job (KB)
...
006 (5557.000.000) 01/23 11:02:33 Image size of job updated: 819268
	692  -  MemoryUsage of job (MB)
	708304  -  ResidentSetSize of job (KB)
...
006 (5557.000.000) 01/23 11:12:35 Image size of job updated: 819272
	692  -  MemoryUsage of job (MB)
	708308  -  ResidentSetSize of job (KB)
...
006 (5557.000.000) 01/23 12:02:40 Image size of job updated: 819276
	692  -  MemoryUsage of job (MB)
	708308  -  ResidentSetSize of job (KB)
...
006 (5557.000.000) 01/23 14:47:57 Image size of job updated: 819276
	693  -  MemoryUsage of job (MB)
	708640  -  ResidentSetSize of job (KB)
...
004 (5557.000.000) 01/23 14:50:37 Job was evicted.
	(0) Job was not checkpointed.
		Usr 0 04:42:56, Sys 0 00:00:22  -  Run Remote Usage
		Usr 0 00:00:00, Sys 0 00:00:00  -  Run Local Usage
	343192  -  Run Bytes Sent By Job
	1252  -  Run Bytes Received By Job
	Partitionable Resources :    Usage  Request Allocated
	   Cpus                 :                 1         1
	   Disk (KB)            :  1344236        2    572162
	   Memory (MB)          :      693     2000      2000
...
009 (5557.000.000) 01/23 14:50:37 Job was aborted by the user.
	via condor_rm (by user cneubuse)
...
