000 (5519.000.000) 01/23 09:50:49 Job submitted from host: <128.142.194.28:9618?addrs=128.142.194.28-9618+[2001-1458-301-e1--100-16]-9618&noUDP&sock=8027_6ecd_36>
...
001 (5519.000.000) 01/23 09:51:46 Job executing on host: <188.185.180.233:9618?addrs=188.185.180.233-9618+[--1]-9618&noUDP&sock=23729_b2e3_3>
...
006 (5519.000.000) 01/23 09:51:54 Image size of job updated: 680
	1  -  MemoryUsage of job (MB)
	680  -  ResidentSetSize of job (KB)
...
006 (5519.000.000) 01/23 10:06:55 Image size of job updated: 670132
	614  -  MemoryUsage of job (MB)
	628088  -  ResidentSetSize of job (KB)
...
006 (5519.000.000) 01/23 10:11:55 Image size of job updated: 768092
	709  -  MemoryUsage of job (MB)
	725992  -  ResidentSetSize of job (KB)
...
006 (5519.000.000) 01/23 10:13:55 Image size of job updated: 768536
	709  -  MemoryUsage of job (MB)
	725992  -  ResidentSetSize of job (KB)
...
005 (5519.000.000) 01/23 10:13:55 Job terminated.
	(1) Normal termination (return value 0)
		Usr 0 00:07:54, Sys 0 00:00:11  -  Run Remote Usage
		Usr 0 00:00:00, Sys 0 00:00:00  -  Run Local Usage
		Usr 0 00:07:54, Sys 0 00:00:11  -  Total Remote Usage
		Usr 0 00:00:00, Sys 0 00:00:00  -  Total Local Usage
	374107  -  Run Bytes Sent By Job
	1252  -  Run Bytes Received By Job
	374107  -  Total Bytes Sent By Job
	1252  -  Total Bytes Received By Job
	Partitionable Resources :    Usage  Request Allocated
	   Cpus                 :                 1         1
	   Disk (KB)            :   380246        2    607215
	   Memory (MB)          :      709     2000      2000
...
