000 (5562.000.000) 01/23 09:51:19 Job submitted from host: <128.142.194.28:9618?addrs=128.142.194.28-9618+[2001-1458-301-e1--100-16]-9618&noUDP&sock=8027_6ecd_36>
...
022 (5562.000.000) 01/23 09:52:20 Job disconnected, attempting to reconnect
    Socket between submit and execute hosts closed unexpectedly
    Trying to reconnect to slot1_1@b68aa79f78.cern.ch <188.185.173.116:9618?addrs=188.185.173.116-9618+[--1]-9618&noUDP&sock=2204540_f77f_3>
...
024 (5562.000.000) 01/23 09:52:20 Job reconnection failed
    Job not found at execution machine
    Can not reconnect to slot1_1@b68aa79f78.cern.ch, rescheduling job
...
001 (5562.000.000) 01/23 09:53:44 Job executing on host: <188.185.189.116:9618?addrs=188.185.189.116-9618+[--1]-9618&noUDP&sock=23660_af42_3>
...
006 (5562.000.000) 01/23 09:53:52 Image size of job updated: 676
	1  -  MemoryUsage of job (MB)
	676  -  ResidentSetSize of job (KB)
...
006 (5562.000.000) 01/23 09:58:52 Image size of job updated: 680
	1  -  MemoryUsage of job (MB)
	680  -  ResidentSetSize of job (KB)
...
006 (5562.000.000) 01/23 10:03:52 Image size of job updated: 650104
	609  -  MemoryUsage of job (MB)
	623256  -  ResidentSetSize of job (KB)
...
006 (5562.000.000) 01/23 10:08:53 Image size of job updated: 699276
	656  -  MemoryUsage of job (MB)
	670804  -  ResidentSetSize of job (KB)
...
006 (5562.000.000) 01/23 10:13:54 Image size of job updated: 707208
	663  -  MemoryUsage of job (MB)
	678736  -  ResidentSetSize of job (KB)
...
006 (5562.000.000) 01/23 10:18:55 Image size of job updated: 711692
	668  -  MemoryUsage of job (MB)
	683220  -  ResidentSetSize of job (KB)
...
006 (5562.000.000) 01/23 10:28:56 Image size of job updated: 711804
	668  -  MemoryUsage of job (MB)
	683332  -  ResidentSetSize of job (KB)
...
006 (5562.000.000) 01/23 10:33:56 Image size of job updated: 713840
	670  -  MemoryUsage of job (MB)
	685368  -  ResidentSetSize of job (KB)
...
006 (5562.000.000) 01/23 10:38:57 Image size of job updated: 713844
	670  -  MemoryUsage of job (MB)
	685372  -  ResidentSetSize of job (KB)
...
006 (5562.000.000) 01/23 11:14:01 Image size of job updated: 714464
	670  -  MemoryUsage of job (MB)
	685992  -  ResidentSetSize of job (KB)
...
006 (5562.000.000) 01/23 11:19:01 Image size of job updated: 714660
	671  -  MemoryUsage of job (MB)
	686188  -  ResidentSetSize of job (KB)
...
006 (5562.000.000) 01/23 11:54:05 Image size of job updated: 714660
	671  -  MemoryUsage of job (MB)
	686320  -  ResidentSetSize of job (KB)
...
006 (5562.000.000) 01/23 12:24:07 Image size of job updated: 725296
	689  -  MemoryUsage of job (MB)
	705084  -  ResidentSetSize of job (KB)
...
006 (5562.000.000) 01/23 12:39:08 Image size of job updated: 725300
	689  -  MemoryUsage of job (MB)
	705084  -  ResidentSetSize of job (KB)
...
006 (5562.000.000) 01/23 12:49:09 Image size of job updated: 725312
	689  -  MemoryUsage of job (MB)
	705084  -  ResidentSetSize of job (KB)
...
006 (5562.000.000) 01/23 14:04:18 Image size of job updated: 725312
	692  -  MemoryUsage of job (MB)
	708380  -  ResidentSetSize of job (KB)
...
006 (5562.000.000) 01/23 14:50:40 Image size of job updated: 1824644
	692  -  MemoryUsage of job (MB)
	708380  -  ResidentSetSize of job (KB)
...
004 (5562.000.000) 01/23 14:50:40 Job was evicted.
	(0) Job was not checkpointed.
		Usr 0 04:17:46, Sys 0 00:00:26  -  Run Remote Usage
		Usr 0 00:00:00, Sys 0 00:00:00  -  Run Local Usage
	305269  -  Run Bytes Sent By Job
	1252  -  Run Bytes Received By Job
	Partitionable Resources :    Usage  Request Allocated
	   Cpus                 :                 1         1
	   Disk (KB)            :  1195272        2    580224
	   Memory (MB)          :      692     2000      2000
...
009 (5562.000.000) 01/23 14:50:40 Job was aborted by the user.
	via condor_rm (by user cneubuse)
...
