000 (5516.000.000) 01/23 09:50:46 Job submitted from host: <128.142.194.28:9618?addrs=128.142.194.28-9618+[2001-1458-301-e1--100-16]-9618&noUDP&sock=8027_6ecd_36>
...
001 (5516.000.000) 01/23 09:51:47 Job executing on host: <188.185.192.51:9618?addrs=188.185.192.51-9618+[--1]-9618&noUDP&sock=27923_6f16_3>
...
006 (5516.000.000) 01/23 09:51:55 Image size of job updated: 676
	1  -  MemoryUsage of job (MB)
	676  -  ResidentSetSize of job (KB)
...
006 (5516.000.000) 01/23 09:56:55 Image size of job updated: 680
	1  -  MemoryUsage of job (MB)
	680  -  ResidentSetSize of job (KB)
...
006 (5516.000.000) 01/23 10:01:56 Image size of job updated: 43264
	32  -  MemoryUsage of job (MB)
	32284  -  ResidentSetSize of job (KB)
...
006 (5516.000.000) 01/23 10:06:56 Image size of job updated: 658800
	616  -  MemoryUsage of job (MB)
	630476  -  ResidentSetSize of job (KB)
...
005 (5516.000.000) 01/23 10:11:20 Job terminated.
	(1) Normal termination (return value 0)
		Usr 0 00:08:03, Sys 0 00:00:09  -  Run Remote Usage
		Usr 0 00:00:00, Sys 0 00:00:00  -  Run Local Usage
		Usr 0 00:08:03, Sys 0 00:00:09  -  Total Remote Usage
		Usr 0 00:00:00, Sys 0 00:00:00  -  Total Local Usage
	374135  -  Run Bytes Sent By Job
	1252  -  Run Bytes Received By Job
	374135  -  Total Bytes Sent By Job
	1252  -  Total Bytes Received By Job
	Partitionable Resources :    Usage  Request Allocated
	   Cpus                 :                 1         1
	   Disk (KB)            :   374049        2    589619
	   Memory (MB)          :      616     2000      2000
...
