000 (5541.000.000) 01/23 09:51:05 Job submitted from host: <128.142.194.28:9618?addrs=128.142.194.28-9618+[2001-1458-301-e1--100-16]-9618&noUDP&sock=8027_6ecd_36>
...
001 (5541.000.000) 01/23 09:51:54 Job executing on host: <188.185.192.87:9618?addrs=188.185.192.87-9618+[--1]-9618&noUDP&sock=7423_14d0_3>
...
006 (5541.000.000) 01/23 09:52:02 Image size of job updated: 672
	1  -  MemoryUsage of job (MB)
	672  -  ResidentSetSize of job (KB)
...
006 (5541.000.000) 01/23 09:57:02 Image size of job updated: 676
	1  -  MemoryUsage of job (MB)
	676  -  ResidentSetSize of job (KB)
...
006 (5541.000.000) 01/23 10:02:04 Image size of job updated: 57912
	44  -  MemoryUsage of job (MB)
	44628  -  ResidentSetSize of job (KB)
...
006 (5541.000.000) 01/23 10:07:04 Image size of job updated: 661156
	621  -  MemoryUsage of job (MB)
	635608  -  ResidentSetSize of job (KB)
...
006 (5541.000.000) 01/23 10:12:05 Image size of job updated: 664508
	624  -  MemoryUsage of job (MB)
	638912  -  ResidentSetSize of job (KB)
...
006 (5541.000.000) 01/23 10:17:05 Image size of job updated: 751288
	709  -  MemoryUsage of job (MB)
	725688  -  ResidentSetSize of job (KB)
...
006 (5541.000.000) 01/23 10:22:06 Image size of job updated: 757052
	715  -  MemoryUsage of job (MB)
	731452  -  ResidentSetSize of job (KB)
...
006 (5541.000.000) 01/23 10:27:06 Image size of job updated: 765144
	723  -  MemoryUsage of job (MB)
	739544  -  ResidentSetSize of job (KB)
...
006 (5541.000.000) 01/23 10:32:07 Image size of job updated: 765148
	723  -  MemoryUsage of job (MB)
	739544  -  ResidentSetSize of job (KB)
...
005 (5541.000.000) 01/23 11:14:19 Job terminated.
	(1) Normal termination (return value 0)
		Usr 0 01:10:15, Sys 0 00:00:14  -  Run Remote Usage
		Usr 0 00:00:00, Sys 0 00:00:00  -  Run Local Usage
		Usr 0 01:10:15, Sys 0 00:00:14  -  Total Remote Usage
		Usr 0 00:00:00, Sys 0 00:00:00  -  Total Local Usage
	375692  -  Run Bytes Sent By Job
	1252  -  Run Bytes Received By Job
	375692  -  Total Bytes Sent By Job
	1252  -  Total Bytes Received By Job
	Partitionable Resources :    Usage  Request Allocated
	   Cpus                 :                 1         1
	   Disk (KB)            :   560912        2    578407
	   Memory (MB)          :      723     2000      2000
...
