000 (5522.000.000) 01/23 09:50:51 Job submitted from host: <128.142.194.28:9618?addrs=128.142.194.28-9618+[2001-1458-301-e1--100-16]-9618&noUDP&sock=8027_6ecd_36>
...
001 (5522.000.000) 01/23 09:51:45 Job executing on host: <188.185.128.231:9618?addrs=188.185.128.231-9618+[--1]-9618&noUDP&sock=24154_36a3_3>
...
006 (5522.000.000) 01/23 09:51:54 Image size of job updated: 676
	1  -  MemoryUsage of job (MB)
	676  -  ResidentSetSize of job (KB)
...
006 (5522.000.000) 01/23 09:56:55 Image size of job updated: 680
	1  -  MemoryUsage of job (MB)
	680  -  ResidentSetSize of job (KB)
...
006 (5522.000.000) 01/23 10:01:55 Image size of job updated: 54076
	36  -  MemoryUsage of job (MB)
	36364  -  ResidentSetSize of job (KB)
...
006 (5522.000.000) 01/23 10:06:57 Image size of job updated: 669564
	617  -  MemoryUsage of job (MB)
	630860  -  ResidentSetSize of job (KB)
...
006 (5522.000.000) 01/23 10:11:56 Image size of job updated: 765868
	711  -  MemoryUsage of job (MB)
	727136  -  ResidentSetSize of job (KB)
...
005 (5522.000.000) 01/23 10:16:50 Job terminated.
	(1) Normal termination (return value 0)
		Usr 0 00:13:46, Sys 0 00:00:15  -  Run Remote Usage
		Usr 0 00:00:00, Sys 0 00:00:00  -  Run Local Usage
		Usr 0 00:13:46, Sys 0 00:00:15  -  Total Remote Usage
		Usr 0 00:00:00, Sys 0 00:00:00  -  Total Local Usage
	374136  -  Run Bytes Sent By Job
	1252  -  Run Bytes Received By Job
	374136  -  Total Bytes Sent By Job
	1252  -  Total Bytes Received By Job
	Partitionable Resources :    Usage  Request Allocated
	   Cpus                 :                 1         1
	   Disk (KB)            :   380144        2    577477
	   Memory (MB)          :      711     2000      2000
...
