000 (5496.000.000) 01/23 09:50:33 Job submitted from host: <128.142.194.28:9618?addrs=128.142.194.28-9618+[2001-1458-301-e1--100-16]-9618&noUDP&sock=8027_6ecd_36>
...
001 (5496.000.000) 01/23 09:51:39 Job executing on host: <188.185.199.8:9618?addrs=188.185.199.8-9618+[--1]-9618&noUDP&sock=3114_d669_3>
...
006 (5496.000.000) 01/23 09:51:48 Image size of job updated: 672
	1  -  MemoryUsage of job (MB)
	672  -  ResidentSetSize of job (KB)
...
006 (5496.000.000) 01/23 09:56:50 Image size of job updated: 676
	1  -  MemoryUsage of job (MB)
	676  -  ResidentSetSize of job (KB)
...
006 (5496.000.000) 01/23 10:01:50 Image size of job updated: 41840
	32  -  MemoryUsage of job (MB)
	32472  -  ResidentSetSize of job (KB)
...
006 (5496.000.000) 01/23 10:06:51 Image size of job updated: 658604
	616  -  MemoryUsage of job (MB)
	629904  -  ResidentSetSize of job (KB)
...
005 (5496.000.000) 01/23 10:11:38 Job terminated.
	(1) Normal termination (return value 0)
		Usr 0 00:07:56, Sys 0 00:00:12  -  Run Remote Usage
		Usr 0 00:00:00, Sys 0 00:00:00  -  Run Local Usage
		Usr 0 00:07:56, Sys 0 00:00:12  -  Total Remote Usage
		Usr 0 00:00:00, Sys 0 00:00:00  -  Total Local Usage
	374128  -  Run Bytes Sent By Job
	1252  -  Run Bytes Received By Job
	374128  -  Total Bytes Sent By Job
	1252  -  Total Bytes Received By Job
	Partitionable Resources :    Usage  Request Allocated
	   Cpus                 :                 1         1
	   Disk (KB)            :   361182        2    617524
	   Memory (MB)          :      616     2000      2000
...
