000 (5561.000.000) 01/23 09:51:18 Job submitted from host: <128.142.194.28:9618?addrs=128.142.194.28-9618+[2001-1458-301-e1--100-16]-9618&noUDP&sock=8027_6ecd_36>
...
022 (5561.000.000) 01/23 09:52:21 Job disconnected, attempting to reconnect
    Socket between submit and execute hosts closed unexpectedly
    Trying to reconnect to slot1_1@b69b770ed8.cern.ch <188.185.174.172:9618?addrs=188.185.174.172-9618+[--1]-9618&noUDP&sock=32307_ceb0_3>
...
024 (5561.000.000) 01/23 09:52:22 Job reconnection failed
    Job not found at execution machine
    Can not reconnect to slot1_1@b69b770ed8.cern.ch, rescheduling job
...
001 (5561.000.000) 01/23 09:53:43 Job executing on host: <188.185.189.116:9618?addrs=188.185.189.116-9618+[--1]-9618&noUDP&sock=23660_af42_3>
...
006 (5561.000.000) 01/23 09:53:52 Image size of job updated: 672
	1  -  MemoryUsage of job (MB)
	672  -  ResidentSetSize of job (KB)
...
006 (5561.000.000) 01/23 09:58:52 Image size of job updated: 676
	1  -  MemoryUsage of job (MB)
	676  -  ResidentSetSize of job (KB)
...
006 (5561.000.000) 01/23 10:03:52 Image size of job updated: 644808
	607  -  MemoryUsage of job (MB)
	621564  -  ResidentSetSize of job (KB)
...
006 (5561.000.000) 01/23 10:08:53 Image size of job updated: 691404
	649  -  MemoryUsage of job (MB)
	663684  -  ResidentSetSize of job (KB)
...
006 (5561.000.000) 01/23 10:13:54 Image size of job updated: 691824
	649  -  MemoryUsage of job (MB)
	664104  -  ResidentSetSize of job (KB)
...
006 (5561.000.000) 01/23 10:18:55 Image size of job updated: 708740
	666  -  MemoryUsage of job (MB)
	681004  -  ResidentSetSize of job (KB)
...
006 (5561.000.000) 01/23 10:23:55 Image size of job updated: 730300
	687  -  MemoryUsage of job (MB)
	702564  -  ResidentSetSize of job (KB)
...
006 (5561.000.000) 01/23 10:33:56 Image size of job updated: 730304
	687  -  MemoryUsage of job (MB)
	702564  -  ResidentSetSize of job (KB)
...
006 (5561.000.000) 01/23 10:48:58 Image size of job updated: 735500
	692  -  MemoryUsage of job (MB)
	707756  -  ResidentSetSize of job (KB)
...
006 (5561.000.000) 01/23 10:53:58 Image size of job updated: 735508
	692  -  MemoryUsage of job (MB)
	707764  -  ResidentSetSize of job (KB)
...
006 (5561.000.000) 01/23 11:09:00 Image size of job updated: 735596
	692  -  MemoryUsage of job (MB)
	707852  -  ResidentSetSize of job (KB)
...
004 (5561.000.000) 01/23 14:50:37 Job was evicted.
	(0) Job was not checkpointed.
		Usr 0 04:18:52, Sys 0 00:00:26  -  Run Remote Usage
		Usr 0 00:00:00, Sys 0 00:00:00  -  Run Local Usage
	316632  -  Run Bytes Sent By Job
	1252  -  Run Bytes Received By Job
	Partitionable Resources :    Usage  Request Allocated
	   Cpus                 :                 1         1
	   Disk (KB)            :  1224879        2    580224
	   Memory (MB)          :      692     2000      2000
...
009 (5561.000.000) 01/23 14:50:37 Job was aborted by the user.
	via condor_rm (by user cneubuse)
...
