000 (5500.000.000) 01/23 09:50:35 Job submitted from host: <128.142.194.28:9618?addrs=128.142.194.28-9618+[2001-1458-301-e1--100-16]-9618&noUDP&sock=8027_6ecd_36>
...
001 (5500.000.000) 01/23 09:51:43 Job executing on host: <188.185.197.128:9618?addrs=188.185.197.128-9618+[--1]-9618&noUDP&sock=32432_8c06_3>
...
006 (5500.000.000) 01/23 09:51:51 Image size of job updated: 676
	1  -  MemoryUsage of job (MB)
	676  -  ResidentSetSize of job (KB)
...
006 (5500.000.000) 01/23 09:56:51 Image size of job updated: 680
	1  -  MemoryUsage of job (MB)
	680  -  ResidentSetSize of job (KB)
...
006 (5500.000.000) 01/23 10:01:52 Image size of job updated: 33820
	30  -  MemoryUsage of job (MB)
	29960  -  ResidentSetSize of job (KB)
...
006 (5500.000.000) 01/23 10:06:52 Image size of job updated: 654620
	614  -  MemoryUsage of job (MB)
	628124  -  ResidentSetSize of job (KB)
...
006 (5500.000.000) 01/23 10:11:53 Image size of job updated: 655808
	615  -  MemoryUsage of job (MB)
	629312  -  ResidentSetSize of job (KB)
...
005 (5500.000.000) 01/23 10:13:01 Job terminated.
	(1) Normal termination (return value 0)
		Usr 0 00:08:30, Sys 0 00:00:17  -  Run Remote Usage
		Usr 0 00:00:00, Sys 0 00:00:00  -  Run Local Usage
		Usr 0 00:08:30, Sys 0 00:00:17  -  Total Remote Usage
		Usr 0 00:00:00, Sys 0 00:00:00  -  Total Local Usage
	374096  -  Run Bytes Sent By Job
	1252  -  Run Bytes Received By Job
	374096  -  Total Bytes Sent By Job
	1252  -  Total Bytes Received By Job
	Partitionable Resources :    Usage  Request Allocated
	   Cpus                 :                 1         1
	   Disk (KB)            :   375171        2    571739
	   Memory (MB)          :      615     2000      2000
...
