000 (5539.000.000) 01/23 09:51:03 Job submitted from host: <128.142.194.28:9618?addrs=128.142.194.28-9618+[2001-1458-301-e1--100-16]-9618&noUDP&sock=8027_6ecd_36>
...
001 (5539.000.000) 01/23 09:51:54 Job executing on host: <188.185.177.180:9618?addrs=188.185.177.180-9618+[--1]-9618&noUDP&sock=32611_537a_3>
...
006 (5539.000.000) 01/23 09:52:02 Image size of job updated: 676
	1  -  MemoryUsage of job (MB)
	676  -  ResidentSetSize of job (KB)
...
006 (5539.000.000) 01/23 10:02:03 Image size of job updated: 57752
	44  -  MemoryUsage of job (MB)
	45024  -  ResidentSetSize of job (KB)
...
006 (5539.000.000) 01/23 10:07:03 Image size of job updated: 657760
	621  -  MemoryUsage of job (MB)
	635760  -  ResidentSetSize of job (KB)
...
006 (5539.000.000) 01/23 10:12:03 Image size of job updated: 745112
	707  -  MemoryUsage of job (MB)
	723112  -  ResidentSetSize of job (KB)
...
006 (5539.000.000) 01/23 10:17:03 Image size of job updated: 758648
	720  -  MemoryUsage of job (MB)
	736640  -  ResidentSetSize of job (KB)
...
006 (5539.000.000) 01/23 10:22:03 Image size of job updated: 759152
	720  -  MemoryUsage of job (MB)
	737144  -  ResidentSetSize of job (KB)
...
006 (5539.000.000) 01/23 10:27:04 Image size of job updated: 760000
	721  -  MemoryUsage of job (MB)
	737992  -  ResidentSetSize of job (KB)
...
006 (5539.000.000) 01/23 10:32:04 Image size of job updated: 760112
	721  -  MemoryUsage of job (MB)
	738104  -  ResidentSetSize of job (KB)
...
006 (5539.000.000) 01/23 10:37:05 Image size of job updated: 760192
	721  -  MemoryUsage of job (MB)
	738184  -  ResidentSetSize of job (KB)
...
006 (5539.000.000) 01/23 10:37:52 Image size of job updated: 760508
	721  -  MemoryUsage of job (MB)
	738184  -  ResidentSetSize of job (KB)
...
005 (5539.000.000) 01/23 10:37:52 Job terminated.
	(1) Normal termination (return value 0)
		Usr 0 00:34:56, Sys 0 00:00:13  -  Run Remote Usage
		Usr 0 00:00:00, Sys 0 00:00:00  -  Run Local Usage
		Usr 0 00:34:56, Sys 0 00:00:13  -  Total Remote Usage
		Usr 0 00:00:00, Sys 0 00:00:00  -  Total Local Usage
	375699  -  Run Bytes Sent By Job
	1252  -  Run Bytes Received By Job
	375699  -  Total Bytes Sent By Job
	1252  -  Total Bytes Received By Job
	Partitionable Resources :    Usage  Request Allocated
	   Cpus                 :                 1         1
	   Disk (KB)            :   557985        2    578580
	   Memory (MB)          :      721     2000      2000
...
