000 (5542.000.000) 01/23 09:51:05 Job submitted from host: <128.142.194.28:9618?addrs=128.142.194.28-9618+[2001-1458-301-e1--100-16]-9618&noUDP&sock=8027_6ecd_36>
...
001 (5542.000.000) 01/23 09:51:53 Job executing on host: <188.185.199.8:9618?addrs=188.185.199.8-9618+[--1]-9618&noUDP&sock=3114_d669_3>
...
006 (5542.000.000) 01/23 09:52:02 Image size of job updated: 676
	1  -  MemoryUsage of job (MB)
	676  -  ResidentSetSize of job (KB)
...
006 (5542.000.000) 01/23 09:57:02 Image size of job updated: 680
	1  -  MemoryUsage of job (MB)
	680  -  ResidentSetSize of job (KB)
...
006 (5542.000.000) 01/23 10:02:02 Image size of job updated: 45684
	34  -  MemoryUsage of job (MB)
	34076  -  ResidentSetSize of job (KB)
...
006 (5542.000.000) 01/23 10:07:03 Image size of job updated: 654052
	617  -  MemoryUsage of job (MB)
	631272  -  ResidentSetSize of job (KB)
...
006 (5542.000.000) 01/23 10:12:04 Image size of job updated: 659804
	623  -  MemoryUsage of job (MB)
	637024  -  ResidentSetSize of job (KB)
...
006 (5542.000.000) 01/23 10:17:05 Image size of job updated: 743640
	704  -  MemoryUsage of job (MB)
	720860  -  ResidentSetSize of job (KB)
...
006 (5542.000.000) 01/23 10:22:04 Image size of job updated: 760052
	720  -  MemoryUsage of job (MB)
	737268  -  ResidentSetSize of job (KB)
...
006 (5542.000.000) 01/23 10:27:05 Image size of job updated: 760056
	720  -  MemoryUsage of job (MB)
	737272  -  ResidentSetSize of job (KB)
...
006 (5542.000.000) 01/23 10:57:08 Image size of job updated: 760064
	720  -  MemoryUsage of job (MB)
	737272  -  ResidentSetSize of job (KB)
...
005 (5542.000.000) 01/23 11:01:34 Job terminated.
	(1) Normal termination (return value 0)
		Usr 0 00:57:31, Sys 0 00:00:14  -  Run Remote Usage
		Usr 0 00:00:00, Sys 0 00:00:00  -  Run Local Usage
		Usr 0 00:57:31, Sys 0 00:00:14  -  Total Remote Usage
		Usr 0 00:00:00, Sys 0 00:00:00  -  Total Local Usage
	375652  -  Run Bytes Sent By Job
	1252  -  Run Bytes Received By Job
	375652  -  Total Bytes Sent By Job
	1252  -  Total Bytes Received By Job
	Partitionable Resources :    Usage  Request Allocated
	   Cpus                 :                 1         1
	   Disk (KB)            :   556636        2    617525
	   Memory (MB)          :      720     2000      2000
...
