000 (5502.000.000) 01/23 09:50:37 Job submitted from host: <128.142.194.28:9618?addrs=128.142.194.28-9618+[2001-1458-301-e1--100-16]-9618&noUDP&sock=8027_6ecd_36>
...
001 (5502.000.000) 01/23 09:51:45 Job executing on host: <188.185.177.180:9618?addrs=188.185.177.180-9618+[--1]-9618&noUDP&sock=32611_537a_3>
...
006 (5502.000.000) 01/23 09:51:54 Image size of job updated: 672
	1  -  MemoryUsage of job (MB)
	672  -  ResidentSetSize of job (KB)
...
006 (5502.000.000) 01/23 09:56:56 Image size of job updated: 676
	1  -  MemoryUsage of job (MB)
	676  -  ResidentSetSize of job (KB)
...
006 (5502.000.000) 01/23 10:01:56 Image size of job updated: 55780
	42  -  MemoryUsage of job (MB)
	42628  -  ResidentSetSize of job (KB)
...
006 (5502.000.000) 01/23 10:06:56 Image size of job updated: 651464
	615  -  MemoryUsage of job (MB)
	629032  -  ResidentSetSize of job (KB)
...
005 (5502.000.000) 01/23 10:07:41 Job terminated.
	(1) Normal termination (return value 0)
		Usr 0 00:04:43, Sys 0 00:00:11  -  Run Remote Usage
		Usr 0 00:00:00, Sys 0 00:00:00  -  Run Local Usage
		Usr 0 00:04:43, Sys 0 00:00:11  -  Total Remote Usage
		Usr 0 00:00:00, Sys 0 00:00:00  -  Total Local Usage
	374156  -  Run Bytes Sent By Job
	1252  -  Run Bytes Received By Job
	374156  -  Total Bytes Sent By Job
	1252  -  Total Bytes Received By Job
	Partitionable Resources :    Usage  Request Allocated
	   Cpus                 :                 1         1
	   Disk (KB)            :   373812        2    578580
	   Memory (MB)          :      615     2000      2000
...
