000 (5527.000.000) 01/23 09:50:54 Job submitted from host: <128.142.194.28:9618?addrs=128.142.194.28-9618+[2001-1458-301-e1--100-16]-9618&noUDP&sock=8027_6ecd_36>
...
001 (5527.000.000) 01/23 09:51:46 Job executing on host: <188.185.177.87:9618?addrs=188.185.177.87-9618+[--1]-9618&noUDP&sock=2869_c9b5_3>
...
006 (5527.000.000) 01/23 09:51:55 Image size of job updated: 672
	1  -  MemoryUsage of job (MB)
	672  -  ResidentSetSize of job (KB)
...
006 (5527.000.000) 01/23 10:01:57 Image size of job updated: 676
	1  -  MemoryUsage of job (MB)
	676  -  ResidentSetSize of job (KB)
...
006 (5527.000.000) 01/23 10:06:57 Image size of job updated: 21448
	20  -  MemoryUsage of job (MB)
	20372  -  ResidentSetSize of job (KB)
...
006 (5527.000.000) 01/23 10:11:57 Image size of job updated: 405772
	373  -  MemoryUsage of job (MB)
	380984  -  ResidentSetSize of job (KB)
...
006 (5527.000.000) 01/23 10:16:58 Image size of job updated: 654392
	615  -  MemoryUsage of job (MB)
	628740  -  ResidentSetSize of job (KB)
...
005 (5527.000.000) 01/23 10:21:49 Job terminated.
	(1) Normal termination (return value 0)
		Usr 0 00:07:56, Sys 0 00:07:29  -  Run Remote Usage
		Usr 0 00:00:00, Sys 0 00:00:00  -  Run Local Usage
		Usr 0 00:07:56, Sys 0 00:07:29  -  Total Remote Usage
		Usr 0 00:00:00, Sys 0 00:00:00  -  Total Local Usage
	374130  -  Run Bytes Sent By Job
	1252  -  Run Bytes Received By Job
	374130  -  Total Bytes Sent By Job
	1252  -  Total Bytes Received By Job
	Partitionable Resources :    Usage  Request Allocated
	   Cpus                 :                 1         1
	   Disk (KB)            :   370222        2    567467
	   Memory (MB)          :      615     2000      2000
...
