000 (5529.000.000) 01/23 09:50:56 Job submitted from host: <128.142.194.28:9618?addrs=128.142.194.28-9618+[2001-1458-301-e1--100-16]-9618&noUDP&sock=8027_6ecd_36>
...
001 (5529.000.000) 01/23 09:51:47 Job executing on host: <188.185.177.180:9618?addrs=188.185.177.180-9618+[--1]-9618&noUDP&sock=32611_537a_3>
...
006 (5529.000.000) 01/23 09:51:56 Image size of job updated: 676
	1  -  MemoryUsage of job (MB)
	676  -  ResidentSetSize of job (KB)
...
006 (5529.000.000) 01/23 10:01:58 Image size of job updated: 55232
	42  -  MemoryUsage of job (MB)
	42672  -  ResidentSetSize of job (KB)
...
006 (5529.000.000) 01/23 10:06:58 Image size of job updated: 661560
	622  -  MemoryUsage of job (MB)
	636764  -  ResidentSetSize of job (KB)
...
006 (5529.000.000) 01/23 10:11:59 Image size of job updated: 743604
	702  -  MemoryUsage of job (MB)
	718784  -  ResidentSetSize of job (KB)
...
006 (5529.000.000) 01/23 10:16:59 Image size of job updated: 756744
	715  -  MemoryUsage of job (MB)
	731924  -  ResidentSetSize of job (KB)
...
006 (5529.000.000) 01/23 10:22:00 Image size of job updated: 757600
	716  -  MemoryUsage of job (MB)
	732764  -  ResidentSetSize of job (KB)
...
006 (5529.000.000) 01/23 10:32:01 Image size of job updated: 757736
	716  -  MemoryUsage of job (MB)
	732900  -  ResidentSetSize of job (KB)
...
005 (5529.000.000) 01/23 10:37:18 Job terminated.
	(1) Normal termination (return value 0)
		Usr 0 00:34:22, Sys 0 00:00:12  -  Run Remote Usage
		Usr 0 00:00:00, Sys 0 00:00:00  -  Run Local Usage
		Usr 0 00:34:22, Sys 0 00:00:12  -  Total Remote Usage
		Usr 0 00:00:00, Sys 0 00:00:00  -  Total Local Usage
	375658  -  Run Bytes Sent By Job
	1252  -  Run Bytes Received By Job
	375658  -  Total Bytes Sent By Job
	1252  -  Total Bytes Received By Job
	Partitionable Resources :    Usage  Request Allocated
	   Cpus                 :                 1         1
	   Disk (KB)            :   580176        2    578580
	   Memory (MB)          :      716     2000      2000
...
