000 (5538.000.000) 01/23 09:51:02 Job submitted from host: <128.142.194.28:9618?addrs=128.142.194.28-9618+[2001-1458-301-e1--100-16]-9618&noUDP&sock=8027_6ecd_36>
...
001 (5538.000.000) 01/23 09:51:52 Job executing on host: <188.185.174.157:9618?addrs=188.185.174.157-9618+[--1]-9618&noUDP&sock=3201_32bf_11>
...
006 (5538.000.000) 01/23 09:52:00 Image size of job updated: 676
	1  -  MemoryUsage of job (MB)
	676  -  ResidentSetSize of job (KB)
...
006 (5538.000.000) 01/23 09:57:00 Image size of job updated: 680
	1  -  MemoryUsage of job (MB)
	680  -  ResidentSetSize of job (KB)
...
006 (5538.000.000) 01/23 10:02:02 Image size of job updated: 51960
	36  -  MemoryUsage of job (MB)
	36744  -  ResidentSetSize of job (KB)
...
006 (5538.000.000) 01/23 10:07:02 Image size of job updated: 669372
	622  -  MemoryUsage of job (MB)
	636436  -  ResidentSetSize of job (KB)
...
006 (5538.000.000) 01/23 10:12:03 Image size of job updated: 751620
	702  -  MemoryUsage of job (MB)
	718684  -  ResidentSetSize of job (KB)
...
006 (5538.000.000) 01/23 10:17:03 Image size of job updated: 752508
	703  -  MemoryUsage of job (MB)
	719572  -  ResidentSetSize of job (KB)
...
006 (5538.000.000) 01/23 10:22:03 Image size of job updated: 766156
	717  -  MemoryUsage of job (MB)
	733216  -  ResidentSetSize of job (KB)
...
006 (5538.000.000) 01/23 10:27:04 Image size of job updated: 766572
	717  -  MemoryUsage of job (MB)
	733612  -  ResidentSetSize of job (KB)
...
006 (5538.000.000) 01/23 10:32:04 Image size of job updated: 815436
	765  -  MemoryUsage of job (MB)
	782472  -  ResidentSetSize of job (KB)
...
006 (5538.000.000) 01/23 10:37:05 Image size of job updated: 815588
	765  -  MemoryUsage of job (MB)
	782624  -  ResidentSetSize of job (KB)
...
005 (5538.000.000) 01/23 10:49:19 Job terminated.
	(1) Normal termination (return value 0)
		Usr 0 00:46:15, Sys 0 00:00:14  -  Run Remote Usage
		Usr 0 00:00:00, Sys 0 00:00:00  -  Run Local Usage
		Usr 0 00:46:15, Sys 0 00:00:14  -  Total Remote Usage
		Usr 0 00:00:00, Sys 0 00:00:00  -  Total Local Usage
	375666  -  Run Bytes Sent By Job
	1252  -  Run Bytes Received By Job
	375666  -  Total Bytes Sent By Job
	1252  -  Total Bytes Received By Job
	Partitionable Resources :    Usage  Request Allocated
	   Cpus                 :                 1         1
	   Disk (KB)            :   555417        2    595470
	   Memory (MB)          :      765     2000      2000
...
