000 (5512.000.000) 01/23 09:50:43 Job submitted from host: <128.142.194.28:9618?addrs=128.142.194.28-9618+[2001-1458-301-e1--100-16]-9618&noUDP&sock=8027_6ecd_36>
...
001 (5512.000.000) 01/23 09:51:45 Job executing on host: <188.185.177.87:9618?addrs=188.185.177.87-9618+[--1]-9618&noUDP&sock=2869_c9b5_3>
...
006 (5512.000.000) 01/23 09:51:54 Image size of job updated: 672
	1  -  MemoryUsage of job (MB)
	672  -  ResidentSetSize of job (KB)
...
006 (5512.000.000) 01/23 10:01:55 Image size of job updated: 676
	1  -  MemoryUsage of job (MB)
	676  -  ResidentSetSize of job (KB)
...
006 (5512.000.000) 01/23 10:06:55 Image size of job updated: 21224
	20  -  MemoryUsage of job (MB)
	20344  -  ResidentSetSize of job (KB)
...
006 (5512.000.000) 01/23 10:11:56 Image size of job updated: 430440
	395  -  MemoryUsage of job (MB)
	404080  -  ResidentSetSize of job (KB)
...
006 (5512.000.000) 01/23 10:16:56 Image size of job updated: 658980
	616  -  MemoryUsage of job (MB)
	630440  -  ResidentSetSize of job (KB)
...
005 (5512.000.000) 01/23 10:21:38 Job terminated.
	(1) Normal termination (return value 0)
		Usr 0 00:07:46, Sys 0 00:07:33  -  Run Remote Usage
		Usr 0 00:00:00, Sys 0 00:00:00  -  Run Local Usage
		Usr 0 00:07:46, Sys 0 00:07:33  -  Total Remote Usage
		Usr 0 00:00:00, Sys 0 00:00:00  -  Total Local Usage
	374106  -  Run Bytes Sent By Job
	1252  -  Run Bytes Received By Job
	374106  -  Total Bytes Sent By Job
	1252  -  Total Bytes Received By Job
	Partitionable Resources :    Usage  Request Allocated
	   Cpus                 :                 1         1
	   Disk (KB)            :   371295        2    567467
	   Memory (MB)          :      616     2000      2000
...
