000 (5520.000.000) 01/23 09:50:49 Job submitted from host: <128.142.194.28:9618?addrs=128.142.194.28-9618+[2001-1458-301-e1--100-16]-9618&noUDP&sock=8027_6ecd_36>
...
001 (5520.000.000) 01/23 09:51:45 Job executing on host: <188.185.197.128:9618?addrs=188.185.197.128-9618+[--1]-9618&noUDP&sock=32432_8c06_3>
...
006 (5520.000.000) 01/23 09:51:54 Image size of job updated: 676
	1  -  MemoryUsage of job (MB)
	676  -  ResidentSetSize of job (KB)
...
006 (5520.000.000) 01/23 09:56:54 Image size of job updated: 680
	1  -  MemoryUsage of job (MB)
	680  -  ResidentSetSize of job (KB)
...
006 (5520.000.000) 01/23 10:01:54 Image size of job updated: 34152
	30  -  MemoryUsage of job (MB)
	30092  -  ResidentSetSize of job (KB)
...
006 (5520.000.000) 01/23 10:06:55 Image size of job updated: 660304
	615  -  MemoryUsage of job (MB)
	629180  -  ResidentSetSize of job (KB)
...
006 (5520.000.000) 01/23 10:11:56 Image size of job updated: 661612
	616  -  MemoryUsage of job (MB)
	630488  -  ResidentSetSize of job (KB)
...
006 (5520.000.000) 01/23 10:16:57 Image size of job updated: 755836
	708  -  MemoryUsage of job (MB)
	724700  -  ResidentSetSize of job (KB)
...
005 (5520.000.000) 01/23 10:19:39 Job terminated.
	(1) Normal termination (return value 0)
		Usr 0 00:15:07, Sys 0 00:00:19  -  Run Remote Usage
		Usr 0 00:00:00, Sys 0 00:00:00  -  Run Local Usage
		Usr 0 00:15:07, Sys 0 00:00:19  -  Total Remote Usage
		Usr 0 00:00:00, Sys 0 00:00:00  -  Total Local Usage
	374103  -  Run Bytes Sent By Job
	1252  -  Run Bytes Received By Job
	374103  -  Total Bytes Sent By Job
	1252  -  Total Bytes Received By Job
	Partitionable Resources :    Usage  Request Allocated
	   Cpus                 :                 1         1
	   Disk (KB)            :   380157        2    571739
	   Memory (MB)          :      708     2000      2000
...
