000 (5508.000.000) 01/23 09:50:41 Job submitted from host: <128.142.194.28:9618?addrs=128.142.194.28-9618+[2001-1458-301-e1--100-16]-9618&noUDP&sock=8027_6ecd_36>
...
001 (5508.000.000) 01/23 09:51:45 Job executing on host: <188.185.198.104:9618?addrs=188.185.198.104-9618+[--1]-9618&noUDP&sock=32513_1b32_3>
...
006 (5508.000.000) 01/23 09:51:54 Image size of job updated: 680
	1  -  MemoryUsage of job (MB)
	680  -  ResidentSetSize of job (KB)
...
006 (5508.000.000) 01/23 10:01:55 Image size of job updated: 45964
	35  -  MemoryUsage of job (MB)
	35320  -  ResidentSetSize of job (KB)
...
006 (5508.000.000) 01/23 10:06:55 Image size of job updated: 652364
	616  -  MemoryUsage of job (MB)
	630264  -  ResidentSetSize of job (KB)
...
006 (5508.000.000) 01/23 10:11:56 Image size of job updated: 748384
	710  -  MemoryUsage of job (MB)
	726284  -  ResidentSetSize of job (KB)
...
005 (5508.000.000) 01/23 10:15:32 Job terminated.
	(1) Normal termination (return value 0)
		Usr 0 00:11:37, Sys 0 00:00:14  -  Run Remote Usage
		Usr 0 00:00:00, Sys 0 00:00:00  -  Run Local Usage
		Usr 0 00:11:37, Sys 0 00:00:14  -  Total Remote Usage
		Usr 0 00:00:00, Sys 0 00:00:00  -  Total Local Usage
	374133  -  Run Bytes Sent By Job
	1252  -  Run Bytes Received By Job
	374133  -  Total Bytes Sent By Job
	1252  -  Total Bytes Received By Job
	Partitionable Resources :    Usage  Request Allocated
	   Cpus                 :                 1         1
	   Disk (KB)            :   380168        2    577999
	   Memory (MB)          :      710     2000      2000
...
