000 (5531.000.000) 01/23 09:50:57 Job submitted from host: <128.142.194.28:9618?addrs=128.142.194.28-9618+[2001-1458-301-e1--100-16]-9618&noUDP&sock=8027_6ecd_36>
...
001 (5531.000.000) 01/23 09:51:49 Job executing on host: <188.185.192.51:9618?addrs=188.185.192.51-9618+[--1]-9618&noUDP&sock=27923_6f16_3>
...
006 (5531.000.000) 01/23 09:51:57 Image size of job updated: 676
	1  -  MemoryUsage of job (MB)
	676  -  ResidentSetSize of job (KB)
...
006 (5531.000.000) 01/23 10:01:58 Image size of job updated: 41324
	32  -  MemoryUsage of job (MB)
	32316  -  ResidentSetSize of job (KB)
...
006 (5531.000.000) 01/23 10:06:58 Image size of job updated: 659688
	618  -  MemoryUsage of job (MB)
	632536  -  ResidentSetSize of job (KB)
...
006 (5531.000.000) 01/23 10:12:00 Image size of job updated: 746896
	703  -  MemoryUsage of job (MB)
	719744  -  ResidentSetSize of job (KB)
...
006 (5531.000.000) 01/23 10:17:00 Image size of job updated: 760336
	716  -  MemoryUsage of job (MB)
	733184  -  ResidentSetSize of job (KB)
...
006 (5531.000.000) 01/23 10:22:00 Image size of job updated: 760732
	717  -  MemoryUsage of job (MB)
	733568  -  ResidentSetSize of job (KB)
...
006 (5531.000.000) 01/23 10:32:01 Image size of job updated: 760772
	717  -  MemoryUsage of job (MB)
	733608  -  ResidentSetSize of job (KB)
...
005 (5531.000.000) 01/23 10:39:09 Job terminated.
	(1) Normal termination (return value 0)
		Usr 0 00:35:49, Sys 0 00:00:10  -  Run Remote Usage
		Usr 0 00:00:00, Sys 0 00:00:00  -  Run Local Usage
		Usr 0 00:35:49, Sys 0 00:00:10  -  Total Remote Usage
		Usr 0 00:00:00, Sys 0 00:00:00  -  Total Local Usage
	375640  -  Run Bytes Sent By Job
	1252  -  Run Bytes Received By Job
	375640  -  Total Bytes Sent By Job
	1252  -  Total Bytes Received By Job
	Partitionable Resources :    Usage  Request Allocated
	   Cpus                 :                 1         1
	   Disk (KB)            :   557586        2    589619
	   Memory (MB)          :      717     2000      2000
...
