000 (5567.000.000) 01/23 09:51:23 Job submitted from host: <128.142.194.28:9618?addrs=128.142.194.28-9618+[2001-1458-301-e1--100-16]-9618&noUDP&sock=8027_6ecd_36>
...
001 (5567.000.000) 01/23 09:52:16 Job executing on host: <188.185.243.84:9618?addrs=188.185.243.84-9618+[--1]-9618&noUDP&sock=24889_5cbf_3>
...
006 (5567.000.000) 01/23 09:52:25 Image size of job updated: 676
	1  -  MemoryUsage of job (MB)
	676  -  ResidentSetSize of job (KB)
...
006 (5567.000.000) 01/23 10:07:26 Image size of job updated: 724288
	608  -  MemoryUsage of job (MB)
	621696  -  ResidentSetSize of job (KB)
...
006 (5567.000.000) 01/23 10:12:26 Image size of job updated: 769924
	645  -  MemoryUsage of job (MB)
	659844  -  ResidentSetSize of job (KB)
...
006 (5567.000.000) 01/23 10:17:28 Image size of job updated: 794688
	668  -  MemoryUsage of job (MB)
	683764  -  ResidentSetSize of job (KB)
...
006 (5567.000.000) 01/23 10:22:28 Image size of job updated: 794696
	668  -  MemoryUsage of job (MB)
	683764  -  ResidentSetSize of job (KB)
...
006 (5567.000.000) 01/23 10:27:29 Image size of job updated: 794704
	668  -  MemoryUsage of job (MB)
	683764  -  ResidentSetSize of job (KB)
...
006 (5567.000.000) 01/23 10:32:29 Image size of job updated: 794720
	668  -  MemoryUsage of job (MB)
	683764  -  ResidentSetSize of job (KB)
...
006 (5567.000.000) 01/23 10:42:30 Image size of job updated: 798036
	671  -  MemoryUsage of job (MB)
	687080  -  ResidentSetSize of job (KB)
...
006 (5567.000.000) 01/23 10:47:32 Image size of job updated: 798080
	672  -  MemoryUsage of job (MB)
	687124  -  ResidentSetSize of job (KB)
...
006 (5567.000.000) 01/23 10:52:32 Image size of job updated: 814068
	687  -  MemoryUsage of job (MB)
	703112  -  ResidentSetSize of job (KB)
...
006 (5567.000.000) 01/23 10:57:33 Image size of job updated: 819348
	692  -  MemoryUsage of job (MB)
	708392  -  ResidentSetSize of job (KB)
...
006 (5567.000.000) 01/23 11:02:33 Image size of job updated: 819364
	692  -  MemoryUsage of job (MB)
	708408  -  ResidentSetSize of job (KB)
...
006 (5567.000.000) 01/23 11:32:36 Image size of job updated: 819468
	692  -  MemoryUsage of job (MB)
	708512  -  ResidentSetSize of job (KB)
...
006 (5567.000.000) 01/23 11:37:36 Image size of job updated: 819480
	692  -  MemoryUsage of job (MB)
	708512  -  ResidentSetSize of job (KB)
...
006 (5567.000.000) 01/23 11:42:38 Image size of job updated: 819484
	692  -  MemoryUsage of job (MB)
	708512  -  ResidentSetSize of job (KB)
...
006 (5567.000.000) 01/23 11:47:38 Image size of job updated: 819488
	692  -  MemoryUsage of job (MB)
	708512  -  ResidentSetSize of job (KB)
...
005 (5567.000.000) 01/23 13:31:17 Job terminated.
	(1) Normal termination (return value 0)
		Usr 0 03:22:33, Sys 0 00:00:26  -  Run Remote Usage
		Usr 0 00:00:00, Sys 0 00:00:00  -  Run Local Usage
		Usr 0 03:22:33, Sys 0 00:00:26  -  Total Remote Usage
		Usr 0 00:00:00, Sys 0 00:00:00  -  Total Local Usage
	377542  -  Run Bytes Sent By Job
	1252  -  Run Bytes Received By Job
	377542  -  Total Bytes Sent By Job
	1252  -  Total Bytes Received By Job
	Partitionable Resources :    Usage  Request Allocated
	   Cpus                 :                 1         1
	   Disk (KB)            :  1392740        2    609281
	   Memory (MB)          :      692     2000      2000
...
