000 (5518.000.000) 01/23 09:50:47 Job submitted from host: <128.142.194.28:9618?addrs=128.142.194.28-9618+[2001-1458-301-e1--100-16]-9618&noUDP&sock=8027_6ecd_36>
...
001 (5518.000.000) 01/23 09:51:46 Job executing on host: <188.185.194.41:9618?addrs=188.185.194.41-9618+[--1]-9618&noUDP&sock=23817_5fa0_3>
...
006 (5518.000.000) 01/23 09:51:54 Image size of job updated: 676
	1  -  MemoryUsage of job (MB)
	676  -  ResidentSetSize of job (KB)
...
006 (5518.000.000) 01/23 09:56:54 Image size of job updated: 680
	1  -  MemoryUsage of job (MB)
	680  -  ResidentSetSize of job (KB)
...
006 (5518.000.000) 01/23 10:01:55 Image size of job updated: 56300
	42  -  MemoryUsage of job (MB)
	42684  -  ResidentSetSize of job (KB)
...
006 (5518.000.000) 01/23 10:06:55 Image size of job updated: 759392
	708  -  MemoryUsage of job (MB)
	724208  -  ResidentSetSize of job (KB)
...
005 (5518.000.000) 01/23 10:09:31 Job terminated.
	(1) Normal termination (return value 0)
		Usr 0 00:06:47, Sys 0 00:00:06  -  Run Remote Usage
		Usr 0 00:00:00, Sys 0 00:00:00  -  Run Local Usage
		Usr 0 00:06:47, Sys 0 00:00:06  -  Total Remote Usage
		Usr 0 00:00:00, Sys 0 00:00:00  -  Total Local Usage
	374105  -  Run Bytes Sent By Job
	1252  -  Run Bytes Received By Job
	374105  -  Total Bytes Sent By Job
	1252  -  Total Bytes Received By Job
	Partitionable Resources :    Usage  Request Allocated
	   Cpus                 :                 1         1
	   Disk (KB)            :   380196        2    570508
	   Memory (MB)          :      708     2000      2000
...
