000 (5526.000.000) 01/23 09:50:53 Job submitted from host: <128.142.194.28:9618?addrs=128.142.194.28-9618+[2001-1458-301-e1--100-16]-9618&noUDP&sock=8027_6ecd_36>
...
001 (5526.000.000) 01/23 09:51:46 Job executing on host: <188.185.172.112:9618?addrs=188.185.172.112-9618+[--1]-9618&noUDP&sock=23717_c828_3>
...
006 (5526.000.000) 01/23 09:51:54 Image size of job updated: 676
	1  -  MemoryUsage of job (MB)
	676  -  ResidentSetSize of job (KB)
...
006 (5526.000.000) 01/23 10:01:55 Image size of job updated: 34532
	29  -  MemoryUsage of job (MB)
	29696  -  ResidentSetSize of job (KB)
...
006 (5526.000.000) 01/23 10:06:55 Image size of job updated: 663584
	615  -  MemoryUsage of job (MB)
	629512  -  ResidentSetSize of job (KB)
...
005 (5526.000.000) 01/23 10:11:33 Job terminated.
	(1) Normal termination (return value 0)
		Usr 0 00:07:33, Sys 0 00:00:21  -  Run Remote Usage
		Usr 0 00:00:00, Sys 0 00:00:00  -  Run Local Usage
		Usr 0 00:07:33, Sys 0 00:00:21  -  Total Remote Usage
		Usr 0 00:00:00, Sys 0 00:00:00  -  Total Local Usage
	374114  -  Run Bytes Sent By Job
	1252  -  Run Bytes Received By Job
	374114  -  Total Bytes Sent By Job
	1252  -  Total Bytes Received By Job
	Partitionable Resources :    Usage  Request Allocated
	   Cpus                 :                 1         1
	   Disk (KB)            :   368683        2    569610
	   Memory (MB)          :      615     2000      2000
...
