000 (5547.000.000) 01/23 09:51:09 Job submitted from host: <128.142.194.28:9618?addrs=128.142.194.28-9618+[2001-1458-301-e1--100-16]-9618&noUDP&sock=8027_6ecd_36>
...
001 (5547.000.000) 01/23 09:51:54 Job executing on host: <188.185.194.41:9618?addrs=188.185.194.41-9618+[--1]-9618&noUDP&sock=23817_5fa0_3>
...
006 (5547.000.000) 01/23 09:52:03 Image size of job updated: 676
	1  -  MemoryUsage of job (MB)
	676  -  ResidentSetSize of job (KB)
...
006 (5547.000.000) 01/23 09:57:04 Image size of job updated: 680
	1  -  MemoryUsage of job (MB)
	680  -  ResidentSetSize of job (KB)
...
006 (5547.000.000) 01/23 10:02:05 Image size of job updated: 51344
	37  -  MemoryUsage of job (MB)
	37248  -  ResidentSetSize of job (KB)
...
006 (5547.000.000) 01/23 10:07:05 Image size of job updated: 745800
	703  -  MemoryUsage of job (MB)
	719868  -  ResidentSetSize of job (KB)
...
006 (5547.000.000) 01/23 10:12:06 Image size of job updated: 759724
	717  -  MemoryUsage of job (MB)
	733788  -  ResidentSetSize of job (KB)
...
006 (5547.000.000) 01/23 10:22:06 Image size of job updated: 760960
	718  -  MemoryUsage of job (MB)
	735024  -  ResidentSetSize of job (KB)
...
006 (5547.000.000) 01/23 10:27:06 Image size of job updated: 762524
	720  -  MemoryUsage of job (MB)
	736588  -  ResidentSetSize of job (KB)
...
005 (5547.000.000) 01/23 10:32:36 Job terminated.
	(1) Normal termination (return value 0)
		Usr 0 00:29:49, Sys 0 00:00:07  -  Run Remote Usage
		Usr 0 00:00:00, Sys 0 00:00:00  -  Run Local Usage
		Usr 0 00:29:49, Sys 0 00:00:07  -  Total Remote Usage
		Usr 0 00:00:00, Sys 0 00:00:00  -  Total Local Usage
	375688  -  Run Bytes Sent By Job
	1252  -  Run Bytes Received By Job
	375688  -  Total Bytes Sent By Job
	1252  -  Total Bytes Received By Job
	Partitionable Resources :    Usage  Request Allocated
	   Cpus                 :                 1         1
	   Disk (KB)            :   556790        2    570508
	   Memory (MB)          :      720     2000      2000
...
