000 (5515.000.000) 01/23 09:50:45 Job submitted from host: <128.142.194.28:9618?addrs=128.142.194.28-9618+[2001-1458-301-e1--100-16]-9618&noUDP&sock=8027_6ecd_36>
...
001 (5515.000.000) 01/23 09:51:44 Job executing on host: <188.185.192.87:9618?addrs=188.185.192.87-9618+[--1]-9618&noUDP&sock=7423_14d0_3>
...
006 (5515.000.000) 01/23 09:51:53 Image size of job updated: 672
	1  -  MemoryUsage of job (MB)
	672  -  ResidentSetSize of job (KB)
...
006 (5515.000.000) 01/23 10:01:54 Image size of job updated: 43432
	33  -  MemoryUsage of job (MB)
	33404  -  ResidentSetSize of job (KB)
...
006 (5515.000.000) 01/23 10:06:55 Image size of job updated: 651560
	615  -  MemoryUsage of job (MB)
	629380  -  ResidentSetSize of job (KB)
...
006 (5515.000.000) 01/23 10:11:55 Image size of job updated: 652452
	616  -  MemoryUsage of job (MB)
	630252  -  ResidentSetSize of job (KB)
...
006 (5515.000.000) 01/23 10:16:56 Image size of job updated: 747608
	709  -  MemoryUsage of job (MB)
	725412  -  ResidentSetSize of job (KB)
...
005 (5515.000.000) 01/23 10:18:16 Job terminated.
	(1) Normal termination (return value 0)
		Usr 0 00:14:32, Sys 0 00:00:13  -  Run Remote Usage
		Usr 0 00:00:00, Sys 0 00:00:00  -  Run Local Usage
		Usr 0 00:14:32, Sys 0 00:00:13  -  Total Remote Usage
		Usr 0 00:00:00, Sys 0 00:00:00  -  Total Local Usage
	374145  -  Run Bytes Sent By Job
	1252  -  Run Bytes Received By Job
	374145  -  Total Bytes Sent By Job
	1252  -  Total Bytes Received By Job
	Partitionable Resources :    Usage  Request Allocated
	   Cpus                 :                 1         1
	   Disk (KB)            :   380273        2    578407
	   Memory (MB)          :      709     2000      2000
...
