000 (5489.000.000) 01/23 09:50:28 Job submitted from host: <128.142.194.28:9618?addrs=128.142.194.28-9618+[2001-1458-301-e1--100-16]-9618&noUDP&sock=8027_6ecd_36>
...
001 (5489.000.000) 01/23 09:51:41 Job executing on host: <188.185.192.21:9618?addrs=188.185.192.21-9618+[--1]-9618&noUDP&sock=24787_6616_3>
...
006 (5489.000.000) 01/23 09:51:50 Image size of job updated: 676
	1  -  MemoryUsage of job (MB)
	676  -  ResidentSetSize of job (KB)
...
006 (5489.000.000) 01/23 10:01:50 Image size of job updated: 45492
	35  -  MemoryUsage of job (MB)
	35460  -  ResidentSetSize of job (KB)
...
006 (5489.000.000) 01/23 10:06:51 Image size of job updated: 664692
	616  -  MemoryUsage of job (MB)
	630752  -  ResidentSetSize of job (KB)
...
005 (5489.000.000) 01/23 10:10:37 Job terminated.
	(1) Normal termination (return value 0)
		Usr 0 00:07:11, Sys 0 00:00:12  -  Run Remote Usage
		Usr 0 00:00:00, Sys 0 00:00:00  -  Run Local Usage
		Usr 0 00:07:11, Sys 0 00:00:12  -  Total Remote Usage
		Usr 0 00:00:00, Sys 0 00:00:00  -  Total Local Usage
	374120  -  Run Bytes Sent By Job
	1252  -  Run Bytes Received By Job
	374120  -  Total Bytes Sent By Job
	1252  -  Total Bytes Received By Job
	Partitionable Resources :    Usage  Request Allocated
	   Cpus                 :                 1         1
	   Disk (KB)            :   364072        2    598796
	   Memory (MB)          :      616     2000      2000
...
