000 (5581.000.000) 01/23 09:51:33 Job submitted from host: <128.142.194.28:9618?addrs=128.142.194.28-9618+[2001-1458-301-e1--100-16]-9618&noUDP&sock=8027_6ecd_36>
...
001 (5581.000.000) 01/23 09:52:01 Job executing on host: <188.185.221.68:9618?addrs=188.185.221.68-9618+[--1]-9618&noUDP&sock=4123_ed78_92>
...
006 (5581.000.000) 01/23 09:52:09 Image size of job updated: 676
	1  -  MemoryUsage of job (MB)
	676  -  ResidentSetSize of job (KB)
...
006 (5581.000.000) 01/23 09:57:09 Image size of job updated: 680
	1  -  MemoryUsage of job (MB)
	680  -  ResidentSetSize of job (KB)
...
006 (5581.000.000) 01/23 10:02:09 Image size of job updated: 69776
	32  -  MemoryUsage of job (MB)
	32328  -  ResidentSetSize of job (KB)
...
006 (5581.000.000) 01/23 10:07:11 Image size of job updated: 858528
	731  -  MemoryUsage of job (MB)
	748460  -  ResidentSetSize of job (KB)
...
006 (5581.000.000) 01/23 10:12:11 Image size of job updated: 906380
	777  -  MemoryUsage of job (MB)
	795452  -  ResidentSetSize of job (KB)
...
006 (5581.000.000) 01/23 10:17:11 Image size of job updated: 918548
	789  -  MemoryUsage of job (MB)
	807608  -  ResidentSetSize of job (KB)
...
006 (5581.000.000) 01/23 10:22:12 Image size of job updated: 918664
	789  -  MemoryUsage of job (MB)
	807720  -  ResidentSetSize of job (KB)
...
006 (5581.000.000) 01/23 10:27:13 Image size of job updated: 918984
	790  -  MemoryUsage of job (MB)
	808040  -  ResidentSetSize of job (KB)
...
006 (5581.000.000) 01/23 10:37:14 Image size of job updated: 918996
	790  -  MemoryUsage of job (MB)
	808040  -  ResidentSetSize of job (KB)
...
006 (5581.000.000) 01/23 11:12:17 Image size of job updated: 931680
	802  -  MemoryUsage of job (MB)
	820724  -  ResidentSetSize of job (KB)
...
006 (5581.000.000) 01/23 11:32:18 Image size of job updated: 931684
	802  -  MemoryUsage of job (MB)
	820724  -  ResidentSetSize of job (KB)
...
006 (5581.000.000) 01/23 11:42:20 Image size of job updated: 931688
	802  -  MemoryUsage of job (MB)
	820724  -  ResidentSetSize of job (KB)
...
006 (5581.000.000) 01/23 11:47:20 Image size of job updated: 931692
	802  -  MemoryUsage of job (MB)
	820724  -  ResidentSetSize of job (KB)
...
006 (5581.000.000) 01/23 11:57:21 Image size of job updated: 931696
	802  -  MemoryUsage of job (MB)
	820724  -  ResidentSetSize of job (KB)
...
006 (5581.000.000) 01/23 12:42:27 Image size of job updated: 931736
	802  -  MemoryUsage of job (MB)
	820764  -  ResidentSetSize of job (KB)
...
006 (5581.000.000) 01/23 13:57:35 Image size of job updated: 931744
	802  -  MemoryUsage of job (MB)
	820764  -  ResidentSetSize of job (KB)
...
004 (5581.000.000) 01/23 14:50:36 Job was evicted.
	(0) Job was not checkpointed.
		Usr 0 04:46:40, Sys 0 00:00:06  -  Run Remote Usage
		Usr 0 00:00:00, Sys 0 00:00:00  -  Run Local Usage
	246923  -  Run Bytes Sent By Job
	1252  -  Run Bytes Received By Job
	Partitionable Resources :    Usage  Request Allocated
	   Cpus                 :                 1         1
	   Disk (KB)            :  2612279        2   2120482
	   Memory (MB)          :      802     2000      2000
...
009 (5581.000.000) 01/23 14:50:36 Job was aborted by the user.
	via condor_rm (by user cneubuse)
...
