000 (5499.000.000) 01/23 09:50:34 Job submitted from host: <128.142.194.28:9618?addrs=128.142.194.28-9618+[2001-1458-301-e1--100-16]-9618&noUDP&sock=8027_6ecd_36>
...
001 (5499.000.000) 01/23 09:51:41 Job executing on host: <188.185.194.41:9618?addrs=188.185.194.41-9618+[--1]-9618&noUDP&sock=23817_5fa0_3>
...
006 (5499.000.000) 01/23 09:51:50 Image size of job updated: 676
	1  -  MemoryUsage of job (MB)
	672  -  ResidentSetSize of job (KB)
...
006 (5499.000.000) 01/23 09:56:50 Image size of job updated: 680
	1  -  MemoryUsage of job (MB)
	676  -  ResidentSetSize of job (KB)
...
006 (5499.000.000) 01/23 10:01:50 Image size of job updated: 55192
	41  -  MemoryUsage of job (MB)
	41344  -  ResidentSetSize of job (KB)
...
005 (5499.000.000) 01/23 10:06:28 Job terminated.
	(1) Normal termination (return value 0)
		Usr 0 00:03:38, Sys 0 00:00:06  -  Run Remote Usage
		Usr 0 00:00:00, Sys 0 00:00:00  -  Run Local Usage
		Usr 0 00:03:38, Sys 0 00:00:06  -  Total Remote Usage
		Usr 0 00:00:00, Sys 0 00:00:00  -  Total Local Usage
	374132  -  Run Bytes Sent By Job
	1252  -  Run Bytes Received By Job
	374132  -  Total Bytes Sent By Job
	1252  -  Total Bytes Received By Job
	Partitionable Resources :    Usage  Request Allocated
	   Cpus                 :                 1         1
	   Disk (KB)            :   350502        2    570508
	   Memory (MB)          :       41     2000      2000
...
