000 (5497.000.000) 01/23 09:50:33 Job submitted from host: <128.142.194.28:9618?addrs=128.142.194.28-9618+[2001-1458-301-e1--100-16]-9618&noUDP&sock=8027_6ecd_36>
...
001 (5497.000.000) 01/23 09:51:39 Job executing on host: <188.185.172.112:9618?addrs=188.185.172.112-9618+[--1]-9618&noUDP&sock=23717_c828_3>
...
006 (5497.000.000) 01/23 09:51:48 Image size of job updated: 676
	1  -  MemoryUsage of job (MB)
	676  -  ResidentSetSize of job (KB)
...
006 (5497.000.000) 01/23 09:56:49 Image size of job updated: 680
	1  -  MemoryUsage of job (MB)
	680  -  ResidentSetSize of job (KB)
...
006 (5497.000.000) 01/23 10:01:49 Image size of job updated: 31772
	28  -  MemoryUsage of job (MB)
	28428  -  ResidentSetSize of job (KB)
...
006 (5497.000.000) 01/23 10:06:49 Image size of job updated: 653280
	615  -  MemoryUsage of job (MB)
	628828  -  ResidentSetSize of job (KB)
...
005 (5497.000.000) 01/23 10:08:13 Job terminated.
	(1) Normal termination (return value 0)
		Usr 0 00:04:08, Sys 0 00:00:22  -  Run Remote Usage
		Usr 0 00:00:00, Sys 0 00:00:00  -  Run Local Usage
		Usr 0 00:04:08, Sys 0 00:00:22  -  Total Remote Usage
		Usr 0 00:00:00, Sys 0 00:00:00  -  Total Local Usage
	374138  -  Run Bytes Sent By Job
	1252  -  Run Bytes Received By Job
	374138  -  Total Bytes Sent By Job
	1252  -  Total Bytes Received By Job
	Partitionable Resources :    Usage  Request Allocated
	   Cpus                 :                 1         1
	   Disk (KB)            :   368364        2    569610
	   Memory (MB)          :      615     2000      2000
...
