000 (5525.000.000) 01/23 09:50:53 Job submitted from host: <128.142.194.28:9618?addrs=128.142.194.28-9618+[2001-1458-301-e1--100-16]-9618&noUDP&sock=8027_6ecd_36>
...
001 (5525.000.000) 01/23 09:51:49 Job executing on host: <188.185.199.8:9618?addrs=188.185.199.8-9618+[--1]-9618&noUDP&sock=3114_d669_3>
...
006 (5525.000.000) 01/23 09:51:57 Image size of job updated: 680
	1  -  MemoryUsage of job (MB)
	680  -  ResidentSetSize of job (KB)
...
006 (5525.000.000) 01/23 10:01:58 Image size of job updated: 46960
	35  -  MemoryUsage of job (MB)
	35236  -  ResidentSetSize of job (KB)
...
006 (5525.000.000) 01/23 10:06:58 Image size of job updated: 653916
	617  -  MemoryUsage of job (MB)
	631340  -  ResidentSetSize of job (KB)
...
006 (5525.000.000) 01/23 10:11:58 Image size of job updated: 655128
	618  -  MemoryUsage of job (MB)
	632540  -  ResidentSetSize of job (KB)
...
006 (5525.000.000) 01/23 10:16:59 Image size of job updated: 749316
	710  -  MemoryUsage of job (MB)
	726728  -  ResidentSetSize of job (KB)
...
005 (5525.000.000) 01/23 10:17:27 Job terminated.
	(1) Normal termination (return value 0)
		Usr 0 00:13:43, Sys 0 00:00:14  -  Run Remote Usage
		Usr 0 00:00:00, Sys 0 00:00:00  -  Run Local Usage
		Usr 0 00:13:43, Sys 0 00:00:14  -  Total Remote Usage
		Usr 0 00:00:00, Sys 0 00:00:00  -  Total Local Usage
	374150  -  Run Bytes Sent By Job
	1252  -  Run Bytes Received By Job
	374150  -  Total Bytes Sent By Job
	1252  -  Total Bytes Received By Job
	Partitionable Resources :    Usage  Request Allocated
	   Cpus                 :                 1         1
	   Disk (KB)            :   380233        2    617525
	   Memory (MB)          :      710     2000      2000
...
