000 (5509.000.000) 01/23 09:50:42 Job submitted from host: <128.142.194.28:9618?addrs=128.142.194.28-9618+[2001-1458-301-e1--100-16]-9618&noUDP&sock=8027_6ecd_36>
...
001 (5509.000.000) 01/23 09:51:43 Job executing on host: <188.185.173.37:9618?addrs=188.185.173.37-9618+[--1]-9618&noUDP&sock=32307_ceb0_3>
...
006 (5509.000.000) 01/23 09:51:52 Image size of job updated: 676
	1  -  MemoryUsage of job (MB)
	676  -  ResidentSetSize of job (KB)
...
006 (5509.000.000) 01/23 10:01:53 Image size of job updated: 57548
	42  -  MemoryUsage of job (MB)
	42644  -  ResidentSetSize of job (KB)
...
006 (5509.000.000) 01/23 10:06:54 Image size of job updated: 662184
	615  -  MemoryUsage of job (MB)
	629428  -  ResidentSetSize of job (KB)
...
006 (5509.000.000) 01/23 10:11:54 Image size of job updated: 757328
	708  -  MemoryUsage of job (MB)
	724568  -  ResidentSetSize of job (KB)
...
005 (5509.000.000) 01/23 10:13:31 Job terminated.
	(1) Normal termination (return value 0)
		Usr 0 00:10:41, Sys 0 00:00:12  -  Run Remote Usage
		Usr 0 00:00:00, Sys 0 00:00:00  -  Run Local Usage
		Usr 0 00:10:41, Sys 0 00:00:12  -  Total Remote Usage
		Usr 0 00:00:00, Sys 0 00:00:00  -  Total Local Usage
	374135  -  Run Bytes Sent By Job
	1252  -  Run Bytes Received By Job
	374135  -  Total Bytes Sent By Job
	1252  -  Total Bytes Received By Job
	Partitionable Resources :    Usage  Request Allocated
	   Cpus                 :                 1         1
	   Disk (KB)            :   380161        2    562461
	   Memory (MB)          :      708     2000      2000
...
