000 (5491.000.000) 01/23 09:50:29 Job submitted from host: <128.142.194.28:9618?addrs=128.142.194.28-9618+[2001-1458-301-e1--100-16]-9618&noUDP&sock=8027_6ecd_36>
...
001 (5491.000.000) 01/23 09:51:42 Job executing on host: <188.185.200.63:9618?addrs=188.185.200.63-9618+[--1]-9618&noUDP&sock=2768_82a4_3>
...
006 (5491.000.000) 01/23 09:51:51 Image size of job updated: 672
	1  -  MemoryUsage of job (MB)
	672  -  ResidentSetSize of job (KB)
...
006 (5491.000.000) 01/23 09:56:52 Image size of job updated: 676
	1  -  MemoryUsage of job (MB)
	676  -  ResidentSetSize of job (KB)
...
006 (5491.000.000) 01/23 10:01:52 Image size of job updated: 36084
	30  -  MemoryUsage of job (MB)
	29876  -  ResidentSetSize of job (KB)
...
006 (5491.000.000) 01/23 10:06:53 Image size of job updated: 665500
	617  -  MemoryUsage of job (MB)
	631084  -  ResidentSetSize of job (KB)
...
006 (5491.000.000) 01/23 10:11:53 Image size of job updated: 665820
	617  -  MemoryUsage of job (MB)
	631384  -  ResidentSetSize of job (KB)
...
005 (5491.000.000) 01/23 10:12:04 Job terminated.
	(1) Normal termination (return value 0)
		Usr 0 00:08:31, Sys 0 00:00:13  -  Run Remote Usage
		Usr 0 00:00:00, Sys 0 00:00:00  -  Run Local Usage
		Usr 0 00:08:31, Sys 0 00:00:13  -  Total Remote Usage
		Usr 0 00:00:00, Sys 0 00:00:00  -  Total Local Usage
	374109  -  Run Bytes Sent By Job
	1252  -  Run Bytes Received By Job
	374109  -  Total Bytes Sent By Job
	1252  -  Total Bytes Received By Job
	Partitionable Resources :    Usage  Request Allocated
	   Cpus                 :                 1         1
	   Disk (KB)            :   377612        2    617998
	   Memory (MB)          :      617     2000      2000
...
