000 (5506.000.000) 01/23 09:50:40 Job submitted from host: <128.142.194.28:9618?addrs=128.142.194.28-9618+[2001-1458-301-e1--100-16]-9618&noUDP&sock=8027_6ecd_36>
...
001 (5506.000.000) 01/23 09:51:42 Job executing on host: <188.185.128.231:9618?addrs=188.185.128.231-9618+[--1]-9618&noUDP&sock=24154_36a3_3>
...
006 (5506.000.000) 01/23 09:51:50 Image size of job updated: 668
	1  -  MemoryUsage of job (MB)
	668  -  ResidentSetSize of job (KB)
...
006 (5506.000.000) 01/23 09:56:50 Image size of job updated: 672
	1  -  MemoryUsage of job (MB)
	672  -  ResidentSetSize of job (KB)
...
006 (5506.000.000) 01/23 10:01:51 Image size of job updated: 49488
	35  -  MemoryUsage of job (MB)
	35384  -  ResidentSetSize of job (KB)
...
006 (5506.000.000) 01/23 10:06:54 Image size of job updated: 662324
	617  -  MemoryUsage of job (MB)
	631084  -  ResidentSetSize of job (KB)
...
005 (5506.000.000) 01/23 10:10:34 Job terminated.
	(1) Normal termination (return value 0)
		Usr 0 00:07:27, Sys 0 00:00:12  -  Run Remote Usage
		Usr 0 00:00:00, Sys 0 00:00:00  -  Run Local Usage
		Usr 0 00:07:27, Sys 0 00:00:12  -  Total Remote Usage
		Usr 0 00:00:00, Sys 0 00:00:00  -  Total Local Usage
	374134  -  Run Bytes Sent By Job
	1252  -  Run Bytes Received By Job
	374134  -  Total Bytes Sent By Job
	1252  -  Total Bytes Received By Job
	Partitionable Resources :    Usage  Request Allocated
	   Cpus                 :                 1         1
	   Disk (KB)            :   363465        2    577477
	   Memory (MB)          :      617     2000      2000
...
