000 (5505.000.000) 01/23 09:50:39 Job submitted from host: <128.142.194.28:9618?addrs=128.142.194.28-9618+[2001-1458-301-e1--100-16]-9618&noUDP&sock=8027_6ecd_36>
...
001 (5505.000.000) 01/23 09:51:42 Job executing on host: <188.185.192.21:9618?addrs=188.185.192.21-9618+[--1]-9618&noUDP&sock=24787_6616_3>
...
006 (5505.000.000) 01/23 09:51:51 Image size of job updated: 676
	1  -  MemoryUsage of job (MB)
	676  -  ResidentSetSize of job (KB)
...
006 (5505.000.000) 01/23 10:01:53 Image size of job updated: 55304
	36  -  MemoryUsage of job (MB)
	36212  -  ResidentSetSize of job (KB)
...
006 (5505.000.000) 01/23 10:06:54 Image size of job updated: 667308
	616  -  MemoryUsage of job (MB)
	630752  -  ResidentSetSize of job (KB)
...
005 (5505.000.000) 01/23 10:10:37 Job terminated.
	(1) Normal termination (return value 0)
		Usr 0 00:07:17, Sys 0 00:00:13  -  Run Remote Usage
		Usr 0 00:00:00, Sys 0 00:00:00  -  Run Local Usage
		Usr 0 00:07:17, Sys 0 00:00:13  -  Total Remote Usage
		Usr 0 00:00:00, Sys 0 00:00:00  -  Total Local Usage
	374127  -  Run Bytes Sent By Job
	1252  -  Run Bytes Received By Job
	374127  -  Total Bytes Sent By Job
	1252  -  Total Bytes Received By Job
	Partitionable Resources :    Usage  Request Allocated
	   Cpus                 :                 1         1
	   Disk (KB)            :   364927        2    598704
	   Memory (MB)          :      616     2000      2000
...
