000 (5524.000.000) 01/23 09:50:52 Job submitted from host: <128.142.194.28:9618?addrs=128.142.194.28-9618+[2001-1458-301-e1--100-16]-9618&noUDP&sock=8027_6ecd_36>
...
001 (5524.000.000) 01/23 09:51:49 Job executing on host: <188.185.200.63:9618?addrs=188.185.200.63-9618+[--1]-9618&noUDP&sock=2768_82a4_3>
...
006 (5524.000.000) 01/23 09:51:58 Image size of job updated: 676
	1  -  MemoryUsage of job (MB)
	676  -  ResidentSetSize of job (KB)
...
006 (5524.000.000) 01/23 10:02:00 Image size of job updated: 38412
	30  -  MemoryUsage of job (MB)
	30088  -  ResidentSetSize of job (KB)
...
006 (5524.000.000) 01/23 10:07:00 Image size of job updated: 664612
	615  -  MemoryUsage of job (MB)
	628840  -  ResidentSetSize of job (KB)
...
006 (5524.000.000) 01/23 10:12:01 Image size of job updated: 665476
	615  -  MemoryUsage of job (MB)
	629696  -  ResidentSetSize of job (KB)
...
006 (5524.000.000) 01/23 10:17:02 Image size of job updated: 761208
	709  -  MemoryUsage of job (MB)
	725428  -  ResidentSetSize of job (KB)
...
006 (5524.000.000) 01/23 10:18:28 Image size of job updated: 1877224
	709  -  MemoryUsage of job (MB)
	725428  -  ResidentSetSize of job (KB)
...
005 (5524.000.000) 01/23 10:18:28 Job terminated.
	(1) Normal termination (return value 0)
		Usr 0 00:14:46, Sys 0 00:00:14  -  Run Remote Usage
		Usr 0 00:00:00, Sys 0 00:00:00  -  Run Local Usage
		Usr 0 00:14:46, Sys 0 00:00:14  -  Total Remote Usage
		Usr 0 00:00:00, Sys 0 00:00:00  -  Total Local Usage
	374124  -  Run Bytes Sent By Job
	1252  -  Run Bytes Received By Job
	374124  -  Total Bytes Sent By Job
	1252  -  Total Bytes Received By Job
	Partitionable Resources :    Usage  Request Allocated
	   Cpus                 :                 1         1
	   Disk (KB)            :   380241        2    617883
	   Memory (MB)          :      709     2000      2000
...
