000 (5501.000.000) 01/23 09:50:36 Job submitted from host: <128.142.194.28:9618?addrs=128.142.194.28-9618+[2001-1458-301-e1--100-16]-9618&noUDP&sock=8027_6ecd_36>
...
001 (5501.000.000) 01/23 09:51:39 Job executing on host: <188.185.174.157:9618?addrs=188.185.174.157-9618+[--1]-9618&noUDP&sock=3201_32bf_11>
...
006 (5501.000.000) 01/23 09:51:48 Image size of job updated: 676
	1  -  MemoryUsage of job (MB)
	676  -  ResidentSetSize of job (KB)
...
006 (5501.000.000) 01/23 09:56:48 Image size of job updated: 680
	1  -  MemoryUsage of job (MB)
	680  -  ResidentSetSize of job (KB)
...
006 (5501.000.000) 01/23 10:01:48 Image size of job updated: 44460
	34  -  MemoryUsage of job (MB)
	34064  -  ResidentSetSize of job (KB)
...
006 (5501.000.000) 01/23 10:06:49 Image size of job updated: 653216
	615  -  MemoryUsage of job (MB)
	629248  -  ResidentSetSize of job (KB)
...
005 (5501.000.000) 01/23 10:09:57 Job terminated.
	(1) Normal termination (return value 0)
		Usr 0 00:07:03, Sys 0 00:00:11  -  Run Remote Usage
		Usr 0 00:00:00, Sys 0 00:00:00  -  Run Local Usage
		Usr 0 00:07:03, Sys 0 00:00:11  -  Total Remote Usage
		Usr 0 00:00:00, Sys 0 00:00:00  -  Total Local Usage
	374096  -  Run Bytes Sent By Job
	1252  -  Run Bytes Received By Job
	374096  -  Total Bytes Sent By Job
	1252  -  Total Bytes Received By Job
	Partitionable Resources :    Usage  Request Allocated
	   Cpus                 :                 1         1
	   Disk (KB)            :   365305        2    595470
	   Memory (MB)          :      615     2000      2000
...
